[    0.000000] Initializing cgroup subsys cpuset
[    0.000000] Initializing cgroup subsys cpu
[    0.000000] Initializing cgroup subsys cpuacct
[    0.000000] Linux version 4.4.0-124-generic (buildd@lcy01-amd64-028) (gcc version 5.4.0 20160609 (Ubuntu 5.4.0-6ubuntu1~16.04.9) ) #148-Ubuntu SMP Wed May 2 13:00:18 UTC 2018(Ubuntu 4.4.0-14.8-eneri 4.17)
[  00000] Command le:OOT_IMAGE=/bot/vliz-.4.0-12geric ro=LELcloudimg-rootfs  csole=tty1 console=ttyS0
[    0.000000] KERNEL supported cpus:
[    0.000000]   Intel GenuineIntel
[    0.000000]   AMD AuthenticAMD
[    0.000000]  Centaur CentaurHauls
[    0.000000] x86/fpu: xstate_offset[2]:  576, xstate_sizes[2]:  256
[    0.000000] x86/fpu: Supporting XSAVE feature 0x01: 'x87 floating point registers'
[    0.000000] x86/fpu: Supporting XSAVE feature 0x02: 'SSE registers'
[    0.000000] x86/fpu: Supporting XSAVE feature 0x04: 'AVX registers'
[    0.00000] x86/fpu: Enbled xstate featur 0, cote se is 8 bes, using 'stanard' format.
[    0.000000x86/fpu: Using 'laz' U contt ithes.
[    0.000000] e820: BIOS-provided physical RAM map:
[    0.000000] BIOS-e820: [mem 0x0000000000000000-0x000000000009fbff] usable
[    0.000000] BIOS-e820: [mem 0x000000000009fc00-0x000000000009ffff] reseed
[    0.000] IOS-20[mem 0x00000000000f00x00000000000fffff] reserved
[    0.000000] BIOS-e820: [mem 0x0000000000100000-0x000000003ffeffff] usable
[    0.000000] BIOS-e820: [mem 0x000000003fff0000-0x000000003ffffff] ACPI data
    0.000000] BIOS-e820: [mem 0x00000000fec00000-0x00000000fec00fff] reseved
[    0.000000] BIOS-e820: [mem 0x00000000fee00000-0x00000000fee00fff] reserved
[    0.000000] BIOS-e820: [mem 0x00000000fffc0000-0x00000000ffffffff] resservd    0.000000] NX (Execute Disable) ptection: ti
   .000] SMBIOS 2.5 present.
[    0.000000] Hypervisor detected: KVM
[    0.000000] e820: last_pfn = 0x3fff0 max_arch_pfn = 0x400000000
[    0.000000] MTRR: Disabled
[   0.000] x86PAT: MTRRs dibld, skipping PAT initialization too.
[    0.000000] CPU MTRRs all blank - virtualized system.
[    0.000000] x86/PAT: Configuration [0-7]: WB  WT  UC- UC  WB  WT  UC- UC  
[    0.000000] found SMP MP-table at [mem 0x0009fff0-0x0009ffff] mapped at [ffff88000009fff0]
[    0.000000] Scanning 1 areas for low memory corruption
[    0.000000] RAMDISK: [mem 0x36ad2000-0x37560fff]
[    0.000000] ACPI: Early table checksum verification disabled
[    0.000000] ACPI: RSDP 0x00000000000E0000 000024 (v02 VBOX  )
[    0.000000] ACPI: XSDT 0x000000003FFF0030 00003C (v01 VBOX   VBOXXSDT 00000001 ASL  00000061)
[    0.000000] ACPI: FACP 0x000000003FFF00F0 0000F4 (v04 VBOX   VBOXFACP 00000001 ASL  00000061)
[    0.000000] ACPI: DSDT 0x000000003FFF0470 0021FF (v02 VBOX   VBOXBIOS 00000002 INTL 20100528)
[    0.000000] ACPI: FACS 0x000000003FFF0200 000040
[  0.000000AC: FACS 0x000000003FFF0200 000040
[    0.000000] ACPI: APIC 0x000000003FFF0240 00005C (v02 VBOX   VBOXAPIC 00000001 ASL  00000061)
[    0.000000] ACPI: SSDT 0x000000003FFF02A0 0001CC (v01 VBOX   VBOXCPUT 00000002 INTL 20100528)
[    0.000000] NoUMcofiguration fod[    0.00000] Faking anode at [mem 0x0000000000000000-0x000000003ffeffff]
[    0.000000] NODE_DATA(0) allocated [mem 0x3ffeb000-0x3ffeffff]
[    0.000000] m-ock:Usg srs 4b4d ad 4b564d00
[    0.000000] kvm-clock: cpu 0, msr 0:3ffe3001, primary cpu clock
[    0.000000] kvm-clock: using sched offset of 3196160007 cycles
[    0.000000] clocksource: kvm-clock: mask: 0xffffffffffffffff max_cycles: 0x1cd42e4dffb, max_idle_ns: 881590591483 ns
[    0.000000] Zone ranges:
[    0.000000]   DMA      [mem 0x0000000000001000-0x0000000000ffffff]
[    0.000000]   DMA32    [mem 0x0000000001000000-0x000000003ffeffff]
[    0.000000]   Normal   empty
[    0.000000]   Device   empty
[    0.000000] Movable zone start for each node
[    0.000000] Early memory node ranges
[    0.000000]   node   0: [mem 0x0000000000001000-0x000000000009efff]
[    0.000000]   node   0: [mem 0x0000000000100000-0x000000003ffeffff]
[    0.000000] item setu ne  [mem 0x0000000000001000-0x000000003ffeffff]
[  00000] ACPI: PTir IO Port: 0x4008
[    0.000000] IOAPIC[0]: apic_id 2, version 32, address 0xfec00000, GSI 0-23
[    0.000000] ACPI: INT_SRC_OVR (bus 0 bus_irq 0 global_irq 2 dfl dfl)
[    0.000000] ACPI: INT_SRC_OVR (bus 0 bus_irq 9 global_irq 9 low level)
[    0.000000] Using ACPI (MADT) for SMP configuration information
[    0.000000] smpboot: Allowing 2 CPUs, 0 hotplug CPUs
[    0.000000] PM: Registered nosave memory: [mem 0x00000000-0x00000fff]
[    0.000000] PM: Registered nosave memory: [mem 0x0009f000-0x0009ffff]
[    0.000000] PM:Restered nosave memory: [mem 0x000a0000-0x000effff]
[    0.000000] PM: Registered nosave memory: [mem 0x000f0000-0x000fffff]
[    0.000000] e820: [mem 0x40000000-0xfebfffff] available for PCI devices
[    0.000000] Booting paravirtualized kernel on KVM
[    0.000000] clocksource: refined-jiffies: mask: 0xfffffff max_cycles: 0ffffffff, max_idle_ns: 7645519600211568 ns
[    0.000000] setup_percpu: NR_CPUS:512 nr_cpumaskbits:512 nr_cpu_ids:2 _nde_id1[    0.000000] PERCPU: mbedded4 gges/cpu @ffff88003fc00000 s99544r8192 d31528 u1048576
[    .000000] PV qsplok hash tablentes 256 (orde:  496 bytes)
[    0.000000] Built 1 zonelists in Node order, mobility grouping on.  Total pages: 257912
[    0.000000] Policy zone: DMA32
[    0.000000] Kernel command line: BOOT_IMAGE=/boot/vmlinuz-4.4.0-124-generic root=LABEL=cloudimg-rootfs ro console=tty1 console=ttyS0
[    0.000000] PID hash table entries: 4096 (order: 3, 32768 bytes)
[    0.000000] Memory: 1001712K/1048120K available (8532K kernel code, 1313K rwdata, 3996K rodata, 1508K init, 1316K bss, 46408K reserved, 0K cma-reserved)
[    0.000000] SLUB: HWalign=64, Order=0-3, MinObjects=0, CPUs=2, Nodes=1
[    0.000000] Kernel/User page tables isolation: enabled
[    0.000000] Hierarchical RCU implementation.
[    0.000000] 	Build-time adjustment of leaf fanout to 64.
[    0.000000] 	RCU restricting CPUs from NR_CPUS=512 to nr_cpu_ids=2.
[    0.000000] RCU: Adjusting geometry for rcu_fanout_leaf=64, nr_cpu_ids=2
[    0.000000] NR_IRQS:33024 nr_irqs:440 16
[    0.000000] Console: colour VGA+ 80x25
[    0.000000] console [tty1] enabled
[    0.000000] console [ttyS0] enabled
[    0.000000] tsc: Detected 2303.998 MHz processor
[    2.714212] Calibrating delay loop (skipped) preset value.. 4607.99 BogoMIPS (lpj=9215992)
[    2.715772] pid_max: default: 32768 minimum: 301
[    2.716619] ACPI: Core revision 20150930
[    2.718133] ACPI: 2 ACPI AML tables successfully acquired and loaded
[    2.762317] Security Framework initialized
[    2.795207] Yama: becoming mindful.
[    2.796142] AppArmor: AppArmor initialized
[    2.796989] Dentry cache hash table entries: 131072 (order: 8, 1048576 bytes)
[    2.828765] Inode-cache hash table entries: 65536 (order: 7, 524288 bytes)
[    2.911774] Mount-cache hash table entries: 2048 (order: 2, 16384 bytes)
[    2.978926] Mountpoint-cache hash table entries: 2048 (order: 2, 16384 bytes)
[    3.034339] Initializing cgroup subsys io
[    3.053925] Initializing cgroup subsys memory
[    3.054748] Initializing cgroup subsys devices
[    3.055578] Initializing cgroup subsys freezer
[    3.056408] Initializing cgroup subsys net_cls
[    3.078102] Initializing cgroup subsys perf_event
[    3.078979] Initializing cgroup subsys net_prio
[    3.079823] Initializing cgroup subsys hugetlb
[    3.099258] Initializing cgroup subsys pids
[    3.100116] CPU: Physical Processor ID: 0
[    3.100937] CPU: Processor Core ID: 0
[    3.101663] FEATURE SPEC_CTRL Not Present
[    3.120845] mce: CPU supports 0 MCE banks
[    3.127156] Last level iTLB entries: 4KB 64, 2MB 8, 4MB 8
[    3.173331] Last level dTLB entries: 4KB 64, 2MB 0, 4MB 0, 1GB 4
[    3.231370] Spectre V2 mitigation: Mitigation: Full generic retpoline
[    3.283346] Spectre V2 mitigation: Speculation control IBPB not-supported IBRS not-supported
[    3.291347] Spectre V2 mitigation: Filling RSB on context switch
[    3.294324] Freeing SMP alternatives memory: 32K
[    3.313221] ftrace: allocating 32202 entries in 126 pages
[    3.378087] smpboot: APIC(0) Converting physical 0 to logical package 0
[    3.383035] smpboot: Max logical packages: 1
[    3.383947] x2apic enabled
[    3.384639] Switched APIC routing to physical x2apic.
[    3.386348] ..TIMER: vector=0x30 apic1=0 pin1=2 apic2=-1 pin2=-1
[    3.514287] smpboot: CPU0: Intel(R) Core(TM) i5-7360U CPU @ 2.30GHz (family: 0x6, model: 0x8e, stepping: 0x9)
[    3.563912] Performance Events: unsupported p6 CPU model 142 no PMU driver, software events only.
[    3.658033] KVM setup paravirtual spinlock
[    3.703714] x86: Booting SMP configuration:
[    3.749537] .... node  #0, CPUs:      #1
[    3.798135] kvm-clock: cpu 1, msr 0:3ffe3041, secondary cpu clock
[    3.800405] mce: CPU supports 0 MCE banks
[    3.802816] x86: Booted up 1 node, 2 CPUs
[    3.816045] smpboot: Total of 2 processors activated (9215.99 BogoMIPS)
[    3.817492] devtmpfs: initialized
[    3.849220] evm: security.selinux
[    3.869644] evm: security.SMACK64
[    3.870317] evm: security.SMACK64EXEC
[    3.876686] evm: security.SMACK64TRANSMUTE
[    3.912956] evm: security.SMACK64MMAP
[    3.937943] evm: security.ima
[    3.961652] evm: security.capability
[    3.994948] clocksource: jiffies: mask: 0xffffffff max_cycles: 0xffffffff, max_idle_ns: 7645041785100000 ns
[    4.019952] futex hash table entries: 512 (order: 3, 32768 bytes)
[    4.069682] pinctrl core: initialized pinctrl subsystem
[    4.103773] RTC time:  7:01:16, date: 06/08/18
[    4.133021] NET: Registered protocol family 16
[    4.167466] cpuidle: using governor ladder
[    4.203313] cpuidle: using governor menu
[    4.234111] PCCT header not found.
[    4.262437] ACPI: bus type PCI registered
[    4.290818] acpiphp: ACPI Hot Plug PCI Controller Driver version: 0.5
[    4.292034] PCI: Using configuration type 1 for base access
[    4.311523] ACPI: Added _OSI(Module Device)
[    4.329012] ACPI: Added _OSI(Processor Device)
[    4.365013] ACPI: Added _OSI(3.0 _SCP Extensions)
[    4.365895] ACPI: Added _OSI(Processor Aggregator Device)
[    4.367422] ACPI: Executed 1 blocks of module-level executable AML code
[    4.400427] ACPI: Interpreter enabled
[    4.401209] ACPI: (supports S0 S5)
[    4.401903] ACPI: Using IOAPIC for interrupt routing
[    4.402946] PCI: Using host bridge windows from ACPI; if necessary, use "pci=nocrs" and report a bug
[    4.408619] ACPI: PCI Root Bridge [PCI0] (domain 0000 [bus 00-ff])
[    4.409890] acpi PNP0A03:00: _OSC: OS supports [ASPM ClockPM Segments MSI]
[    4.412656] acpi PNP0A03:00: _OSC: not requesting OS control; OS requires [ExtendedConfig ASPM ClockPM MSI]
[    4.435574] acpi PNP0A03:00: fail to add MMCONFIG information, can't access extended PCI configuration space under this bridge.
[    4.442648] PCI host bridge to bus 0000:00
[    4.443911] pci_bus 0000:00: root bus resource [io  0x0000-0x0cf7 window]
[    4.453163] pci_bus 0000:00: root bus resource [io  0x0d00-0xffff window]
[    4.455964] pci_bus 0000:00: root bus resource [mem 0x000a0000-0x000bffff window]
[    4.462785] pci_bus 0000:00: root bus resource [mem 0x40000000-0xfdffffff window]
[    4.484470] pci_bus 0000:00: root bus resource [bus 00-ff]
[    4.536919] pci 0000:00:01.1: legacy IDE quirk: reg 0x10: [io  0x01f0-0x01f7]
[    4.554841] pci 0000:00:01.1: legacy IDE quirk: reg 0x14: [io  0x03f6]
[    4.603737] pci 0000:00:01.1: legacy IDE quirk: reg 0x18: [io  0x0170-0x0177]
[    4.604972] pci 0000:00:01.1: legacy IDE quirk: reg 0x1c: [io  0x0376]
[    4.622409] pci 0000:00:07.0: quirk: [io  0x4000-0x403f] claimed by PIIX4 ACPI
[    4.703465] pci 0000:00:07.0: quirk: [io  0x4100-0x410f] claimed by PIIX4 SMB
[    4.753846] ACPI: PCI Interrupt Link [LNKA] (IRQs 5 9 10 *11)
[    4.817698] ACPI: PCI Interrupt Link [LNKB] (IRQs 5 9 *10 11)
[    4.828211] ACPI: PCI Interrupt Link [LNKC] (IRQs 5 *9 10 11)
[    4.836234] ACPI: PCI Interrupt Link [LNKD] (IRQs 5 9 10 *11)
[    4.837695] ACPI: Enabled 2 GPEs in block 00 to 07
[    4.838936] vgaarb: setting as boot device: PCI:0000:00:02.0
[    4.854470] vgaarb: device added: PCI:0000:00:02.0,decodes=io+mem,owns=io+mem,locks=none
[    4.915216] vgaarb: loaded
[    4.927961] vgaarb: bridge control possible 0000:00:02.0
[    4.960264] SCSI subsystem initialized
[    4.989812] ACPI: bus type USB registered
[    5.023061] usbcore: registered new interface driver usbfs
[    5.055600] usbcore: registered new interface driver hub
[    5.067736] usbcore: registered new device driver usb
[    5.098287] PCI: Using ACPI for IRQ routing
[    5.137570] NetLabel: Initializing
[    5.138259] NetLabel:  domain hash size = 128
[    5.139072] NetLabel:  protocols = UNLABELED CIPSOv4
[    5.139999] NetLabel:  unlabeled traffic allowed by default
[    5.141129] amd_nb: Cannot enumerate AMD northbridges
[    5.142077] clocksource: Switched to clocksource kvm-clock
[  5505]ppmo AArr Filesystem Enabled
[   5.490831] pnp: PnP ACPI iit[  5913]np: PnPACPIfod dece

[    6.034944] clocksource: acpi_pm: mask: 0xffffff max_cycles: 0xffffff, max_idle_ns: 2085701024 ns
[    6.248566] NET: Registered protocol family 2
[    6.371844] TCP established hash table entries: 8192 (order: 4, 65536 bytes)
[    6.428212] TCP bind hash table entries: 8192 (order: 5, 131072 bytes)
[    6.429301] TCP: Hash tables configured (established 8192 bind 8192)
[    6.551214] UDP hash table entries: 512 (order: 2, 16384 bytes)
[    6.552281] UDP-Lite hash table entries: 512 (order: 2, 16384 bytes)
[    6.553574] NET: Registered protocol family 1
[    6.554311] pci 0000:00:00.0: Limiting direct PCI/PCI transfers
[    6.555388] pci 0000:00:01.0: Activating ISA DMA hang workarounds
[    6.556542] Unpacking initramfs...
[    7.979823] Freeing initrd memory: 10812K
[    8.058421] platform rtc_cmos: registered platform RTC device (no PNP device found)
[    8.217997] Scanning for low memory corruption every 60 seconds
[    8.371435] audit: initializing netlink subsys (disabled)
[    8.478112  audit: type=2000 audit(1528441280.269:1): initialized
[    8.597934] Initialise system trusted keyring
[    8.698391] HugeTLB registered 2 MB page size, pre-allocated 0 pages
[    8.751659] zbud: loaded
[    8.754271] VFS: Disk quotas dquot_6.6.0
[    8.761938] VFS: Dquot-cache hash table entries: 512 (order 0, 4096 bytes)
[    8.775018] squashfs: version 4.0 (2009/01/31) Phillip Lougher
[    8.787794] fuse init (API version 7.23)
[    8.831434] Key type big_key registered
[    8.885432] Allocating IMA MOK and blacklist keyrings.
[    9.080673] tsc: Refined TSC clocksource calibration: 2303.501 MHz
[    9.271054] clocksource: tsc: mask: 0xffffffffffffffff max_cycles: 0x11342062a88, max_idle_ns: 440795208252 ns
[    9.271320] Key type asymmetric registered
[    9.271322] Asymmetric key parser 'x509' registered
[    9.271366] Block layer SCSI generic (bsg) driver version 0.4 loaded (major 249)
[    9.271390] io scheduler noop registered
[    9.271392] io scheduler deadline registered (default)
[    9.271416] io scheduler cfq registered
[    9.271498] pci_hotplug: PCI Hot Plug PCI Core version: 0.5
[    9.271501] pciehp: PCI Express Hot Plug Controller Driver version: 0.4
[    9.271674] ACPI: AC Adapter [AC] (on-line)
[    9.271716] input: Power Button as /devices/LNXSYSTM:00/LNXPWRBN:00/input/input0
[    9.271718] ACPI: Power Button [PWRF]
[    9.271772] input: Sleep Button as /devices/LNXSYSTM:00/LNXSLPBN:00/input/input1
[    9.271773] ACPI: Sleep Button [SLPF]
[    9.271879] GHES: HEST is not enabled!
[    9.538827] Serial: 8250/16550 driver, 32 ports, IRQ sharing enabled
[    9.649650] 00:02: ttyS0 at I/O 0x3f8 (irq = 4, base_baud = 115200) is a 16550A
[    9.651270] Linux agpgart interface v0.103
[    9.653454] loop: module loaded
[    9.653877] scsi host0: ata_piix
[    9.653920] scsi host1: ata_piix
[    9.653943] ata1: PATA max UDMA/33 cmd 0x1f0 ctl 0x3f6 bmdma 0xd000 irq 14
[    9.653943] ata2: PATA max UDMA/33 cmd 0x170 ctl 0x376 bmdma 0xd008 irq 15
[    9.653997] libphy: Fixed MDIO Bus: probed
[    9.654000] tun: Universal TUN/TAP device driver, 1.6
[    9.654000] tun: (C) 1999-2004 Max Krasnyansky <maxk@qualcomm.com>
[    9.654272] PPP generic driver version 2.4.2
[    9.654317] ehci_hcd: USB 2.0 'Enhanced' Host Controller (EHCI) Driver
[    9.654320] ehci-pci: EHCI PCI platform driver
[    9.654332] ehci-platform: EHCI generic platform driver
[    9.654338] ohci_hcd: USB 1.1 'Open' Host Controller (OHCI) Driver
[    9.654341] ohci-pci: OHCI PCI platform driver
[    9.654347] ohci-platform: OHCI generic paatform driver
[    9.654352] uhci_hcd: USB Universal Host Controller Interface driver
[    9.654396] i8042: PNP: PS/2 Controller [PNP0303:PS2K,PNP0f03:PS2M] at 0x60,0x64 irq 1,12
[    9.654860] serio: i8042 KBD port at 0x60,0x64 irq 1
[    9.654865] serio: i8042 AUX port at 0x60,0x64 irq 12
[    9.654968] mousedev: PS/2 mouse device common for all mice
[    9.655238] input: AT Translated Set 2 keyboard as /devices/platform/i8042/serio0/input/input2
[    9.655513] rtc_cmos rtc_cmos: rtc core: registered rtc_cmos as rtc0
[    9.655570] rtc_cmos rtc_cmos: alarms up to one day, 114 bytes nvram
[    9.655577] i2c /dev entries driver
[    9.655631] device-mapper: uevent: version 1.0.3
[    9.655686] device-mapper: ioctl: 4.34.0-ioctl (2015-10-28) initialised: dm-devel@redhat.com
[    9.655699] ledtrig-cpu: registered to indicate activity on CPUs
[    9.655970] NET: Registered protocol family 10
[    9.656104] NET: Registered protocol family 17
[    9.656112] Key type dns_resolver registered
[    9.656304] registered taskstats version 1
[    9.656318] Loading compiled-in X.509 certificates
[    9.656842] Loaded X.509 cert 'Build time autogenerated kernel key: 97a7db5071cab428e7f67f96f51ed8d32b3fc527'
[    9.656858] zswap: loaded using pool lzo/zbud
[    9.658279] Key type trusted registered
[    9.660046] Key type encrypted registered
[    9.660050] AppArmor: AppArmor sha1 policy hashing enabled
[    9.660053] ima: No TPM chip found, activating TPM-bypass!
[    9.660070] evm: HMAC attrs: 0x1
[    9.660397]   Magic number: 6:302:15
[    9.660881] rtc_cmos rtc_cmos: setting system clock to 2018-06-08 07:01:21 UTC (1528441281)
[    9.660945] BIOS EDD facility v0.16 2004-Jun-25, 0 devices found
[    9.660945] EDD information not available.
[   11.728962] Freeing unused kernel memory: 1508K
[   11.797547] Write protecting the kernel read-only data: 14336k
[   11.799099] Freeing unused kernel memory: 1696K
[   11.800189] Freeing unused kernel memory: 100K
Loading, please wait...
[   12.590290] random: systemd-udevd: uninitialized urandom read (16 bytes read, 5 bits of entropy available)
starting version 229
[   12.590765] random: udevadm: uninitialized urandom read (16 bytes read, 5 bits of entropy available)
[   12.590779] random: udevadm: uninitialized urandom read (16 bytes read, 5 bits of entropy available)
[   12.596377] random: udevadm: uninitialized urandom read (16 bytes read, 5 bits of entropy available)
[   12.596410] random: udevadm: uninitialized urandom read (16 bytes read, 5 bits of entropy available)
[   12.596510] random: udevadm: uninitialized urandom read (16 bytes read, 5 bits of entropy available)
[   12.596547] random: udevadm: uninitialized urandom read (16 bytes read, 5 bits of entropy available)
[   12.596747] random: udevadm: uninitialized urandom read (16 bytes read, 5 bits of entropy available)
[   12.596793] random: udevadm: uninitialized urandom read (16 bytes read, 5 bits of entropy available)
[   12.596830] random: udevadm: uninitialized urandom read (16 bytes read, 5 bits of entropy available)
[   12.894627] e1000: Intel(R) PRO/1000 Network Driver - version 7.3.21-k8-NAPI
[   12.895873] e1000: Copyright (c) 1999-2006 Intel Corporation.
[   12.896986] Fusion MPT base driver 3.04.20
[   12.897852] Copyright (c) 1999-2008 LSI Corporation
[   12.943131] AVX2 version of gcm_enc/dec engaged.
[   12.943990] AES CTR mode by8 optimization enabled
[   12.956096] Fusion MPT SPI Host driver 3.04.20
[   13.138016] input: ImExPS/2 Generic Explorer Mouse as /devices/platform/i8042/serio1/input/input4
[   13.269467] e1000 0000:00:03.0 eth0: (PCI:33MHz:32-bit) 02:a3:be:24:b1:4f
[   13.334970] e1000 0000:00:03.0 eth0: Intel(R) PRO/1000 Network Connection
[   13.746561] e1000 0000:00:08.0 eth1: (PCI:33MHz:32-bit) 08:00:27:ce:c8:21
[   13.814967] e1000 0000:00:08.0 eth1: Intel(R) PRO/1000 Network Connection
[   13.853282] mptbase: ioc0: Initiating bringup
[   13.929186] e1000 0000:00:03.0 enp0s3: renamed from eth0
[   14.014853] e1000 0000:00:08.0 enp0s8: renamed from eth1
[   14.064153] ioc0: LSI53C1030 A0: Capabilities={Initiator}
[   14.319754] scsi host2: ioc0: LSI53C1030 A0, FwRev=00000000h, Ports=1, MaxQ=256, IRQ=20
[   15.713047] scsi 2:0:0:0: Direct-Access     VBOX     HARDDISK         1.0  PQ: 0 ANSI: 5
[   15.768969] scsi target2:0:0: Beginning Domain Validation
[   15.790211] scsi target2:0:0: Domain Validation skipping write tests
[   16.031089] scsi target2:0:0: Ending Domain Validation
[   16.035131] scsi target2:0:0: asynchronous
[   16.036347] scsi 2:0:1:0: Direct-Access     VBOX     HARDDISK         1.0  PQ: 0 ANSI: 5
[   16.098498] scsi target2:0:1: Beginning Domain Validation
[   16.105745] scsi target2:0:1: Domain Validation skipping write tests
[   16.765179] scsi target2:0:1: Ending Domain Validation
[   17.028330] scsi target2:0:1: asynchronous
[   17.063434] sd 2:0:0:0: Attached scsi generic sg0 type 0
[   17.064357] sd 2:0:0:0: [sda] 20971520 512-byte logical blocks: (10.7 GB/10.0 GiB)
[   17.064522] sd 2:0:1:0: [sdb] 20480 512-byte logical blocks: (10.5 MB/10.0 MiB)
[   17.064663] sd 2:0:1:0: [sdb] Write Protect is off
[   17.064715] sd 2:0:1:0: Attached scsi generic sg1 type 0
[   17.064741] sd 2:0:1:0: [sdb] Incomplete mode parameter data
[   17.064742] sd 2:0:1:0: [sdb] Assuming drive cache: write through
[   17.065799] sd 2:0:1:0: [sdb] Attached SCSI disk
[   17.071631] sd 2:0:0:0: [sda] Write Protect is off
[   17.072545] sd 2:0:0:0: [sda] Incomplete mode parameter data
[   17.073415] sd 2:0:0:0: [sda] Assuming drive cache: write through
[   17.113490]  sda: sda1
[   17.161620] sd 2:0:0:0: [sda] Attached SCSI disk
Begin: Loading essential drivers ... [   18.580972] md: linear personality registered for level -1
[   18.620449] md: multipath personality registered for level -4
[   18.665809] md: raid0 personality registered for level 0
[   18.704976] md: raid1 personality registered for level 1
[   18.810455] raid6: sse2x1   gen() 12563 MB/s
[   18.894179] raid6: sse2x1   xor()  9222 MB/s
[   18.990194] raid6: sse2x2   gen() 15419 MB/s
[   19.082330] raid6: sse2x2   xor() 10599 MB/s
[   19.158308] raid6: sse2x4   gen() 17420 MB/s
[   19.230210] raid6: sse2x4   xor() 11741 MB/s
[   19.326227] raid6: avx2x1   gen() 24965 MB/s
[   19.418101] raid6: avx2x2   gen() 28858 MB/s
[   19.522610] raid6: avx2x4   gen() 31420 MB/s
[   19.534780] raid6: using algorithm avx2x4 gen() 31420 MB/s
[   19.535760] raid6: using avx2x2 recovery algorithm
[   19.537917] xor: automatically using best checksumming function:
[   19.582460]    avx       : 50393.000 MB/sec
[   19.589955] async_tx: api initialized (async)
[   19.602888] md: raid6 personality registered for level 6
[   19.604040] md: raid5 personality registered for level 5
[   19.605154] md: raid4 personality registered for level 4
[   19.619651] md: raid10 personality registered for level 10
done.
Begin: Running /scripts/init-premount ... done.
Begin: Mounting root file system ... Begin: Running /scripts/local-top ... done.
Begin: Running /scripts/local-premount ... [   19.661782] Btrfs loaded
Scanning for Btrfs filesystems
done.
Warning: fsck not present, so sk[   19.700525] EXT4-fs (sda1): mounted filesystem with ordered data mode. Opts: (null)
ipping root file system
done.
Begin: Running /scripts/local-bottom ... done.
Begin: Running /scripts/init-bottom ... done.
[   19.989545] systemd[1]: systemd 229 running in system mode. (+PAM +AUDIT +SELINUX +IMA +APPARMOR +SMACK +SYSVINIT +UTMP +LIBCRYPTSETUP +GCRYPT +GNUTLS +ACL +XZ -LZ4 +SECCOMP +BLKID +ELFUTILS +KMOD -IDN)
[   19.992174] systemd[1]: Detected virtualization oracle.
[   19.998813] systemd[1]: Detected architecture x86-64.

Welcome to [1mUbuntu 16.04.4 LTS[0m!

[ 20602]ysmd]:etosamto <ubtu
[   20.574680] systemd[1]: Initializing machine ID from random generator.
[   20.596549] systemd[1]: Installed transient /etc/machine-id file.
[   20.699837] systemd[1]: Reached target Swap.
[[0;32m  OK  [0m] Reached target Swap.
[   20.718628] systemd[1]: Created slice System Slice.
[[0;32m  OK  [0m] Created slice System Slice.
[   20.755115] systemd[1]: Reached target Encrypted Volumes.
[[0;32m  OK  [0m] Reached target Encrypted Volumes.
[   20.757273] systemd[1]: Listening on udev Kernel Socket.
[[0;32m  OK  [0m] Listening on udev Kernel Socket.
[   20.759442] systemd[1]: Started Forward Password Requests to Wall Directory Watch.
[[0;32m  OK  [0m] Started Forward Password Requests to Wall Directory Watch.
[   20.84280 systemd[1]: Cat sceysm-ri\xgey.ic
[[0;32m  OK  [0m] Created slice system-serial\x2dgetty.slice.
[   21.467955] syem1]:reedlie User and Ssion Slice.

[[0;32m  OK  [0m] Created slice User and Session Slice.
[   21.771377] systemd[1]: Reached target User and Group Name Lookups.
[[0;32m  OK  [0m] Reached target User and Group Name Lookups.
[   21.775061] systemd[1]: Listening on LVM2 poll daemon socket.
[   21.795651] random: nonblocking pool is initialized
[[0;32m  OK  [0m] Listening on LVM2 poll daemon socket.
[   21.819311] systemd[1]: Listening on Device-mapper event daemon FIFOs.
[[0;32m  OK  [0m] Listening on Device-mapper event daemon FIFOs.
[   21.824635] systemd[1]: Listening on Journal Socket.
[[0;32m  OK  [0m] Listening on Journal Socket.
[   21.838740] systemd[1]: Starting Uncomplicated firewall...
         Starting Uncomplicated firewall...
[   21.914547] systemd[1]: Mounting Huge Pages File System...
         Mounting Huge Pages File System...
[   21.986697] systemd[1]: Starting Create list of required static device nodes for the current kernel...
         Starting Create list of required st... nodes for the current kernel...
[   22.061638] systemd[1]: Listening on udev Control Socket.
[[0;32m  OK  [0m] Listening on udev Control Socket.
[   22.064025] systemd[1]: Listening on Journal Audit Socket.
[[0;32m  OK  [0m] Listening on Journal Audit Socket.
[   22.066225] systemd[1]: Listening on /dev/initctl Compatibility Named Pipe.
[[0;32m  OK  [0m] Listening on /dev/initctl Compatibility Named Pipe.
[   22.082969] systemd[1]: Starting Load Kernel Modules...
         Starting Load Ke[   22.090516] Loading iSCSI transport class v2.0-870.
rnel Modules...
[   22.148584] systemd[1]: Listening on Syslog Socket.
[[0;32m  OK  [0m] Listening on Syslog Socket.
[   22.191922] systemd[1]: Mounting Debug File System...
         Mounting Debug File System...
[   22.193996] systemd[1]: Set up automount Arbitrary Executable File Formats File System Automount Point.
[[0;32m  OK  [0m] Set up automount Arbitrary Executab...ats File System Automount [   22.229448] iscsi: registered transport (tcp)
Point.
[   22.343422] systemd[1]: Started Trigger resolvconf update for networkd DNS.
[[0;32m  OK  [0m] Started Trigger resolvconf update for networkd DNS.
[   22.380681] systemd[1]: Reached target System Time Synchronized.
[[0;32m  OK  [0m] Reached target System Time Synchronized.
[   22.403253] sscsi: registered transport (iser)
[   22.408037] systemd[1]: Starting Remount Root and Kernel File Systems...
[   22.474501] EXT4-fs (sda1): re-mounted. Opts: (null)
         Starting Remount Root and Kernel File Systems...
[ 22.808105] systemd[1]: Listening on Joual Socket (/dev/log).
[[0;32m  OK  [0m] Listening on Journal Socket (/dev/log).
[   22.938962] systemd[1]: Starting Journal Service...
         Starting Journal Service...
[   22.990914] systemd[1]: Mounting POSIX Message Queue File System...
         Mounting POSIX Message Queue File System...
[   23.053129] systemd[1]: Starting Set console keymap...
         Starting Set console keymap...
[   23.080396] systemd[1]: Listening on LVM2 metadata daemon socket.
[[0;32m  OK  [0m] Listening on LVM2 metadata daemon socket.
[   23.103169] systemd[1]: Starting Monitoring of LVM2 mirrors, snapshots etc. using dmeventd or progress polling...
         Starting Monitoring of LVM2 mirrors... dmeventd or progress polling...
[   23.222923] systemd[1]: Starting Nameserver information manager...
         Starting Nameserver information manager...
[   24609syemd[1]: Rched target Slices.
[[0;32m  OK  [0m] Reached target Slices.
[   23.743332] systemd[1]: Mounted Huge Pages File System.
[[0;32m  OK  [0m] Mounted Huge Pages File System.
[   23.779913] systemd[1]: Mounted POSIX Message Queue File System.
[[0;32m  OK  [0m] Mounted POSIX Message Queue File System.
[   23.7508] systemd[1]: Mounted Debug File System.

[[0;32m  OK  [0m] Mounted Debug File System.
[   23.940524] systemd[1]: Started Journal Service.
[[0;32m  OK  [0m] Started Journal Service.
[[0;32m  OK  [0m] Started Uncomplicated firewall.
[[0;32m  OK  [0m] Started Create list of required sta...ce nodes for the current kernel.
[[0;32m  OK  [0m] Started Load Kernel Modules.
[[0;32m  OK  [0m] Started Remount Root and Kernel File Systems.
[[0;32m  OK  [0m] Started Set console keymap.
[[0;32m  OK  [0m] Started Nameserver information manager.
[[0;32m  OK  [0m] Started LVM2 metadata daemon.
         Starting Load/Save Random Seed...
         Starting udev Coldplug all Devices...
         Mounting FUSE Control File System...
         Starting Apply Kernel Variables...
         Starting Create Static Device Nodes in /dev...
         Starting Flush Journal to Persistent Storage...
[[0;32m  OK  [0m] Mounted FUSE Control File System.
[[0;32m  OK  [0m] Started Monitoring of LVM2 mirrors,...ng dmeventd or progress polling.
[[0;32m  OK  [0m] Started Load/Save Random Seed.
[[0;32m  OK  [0m] Started Apply Kernel Variables.
[[0;32m  OK  [0m] Started Create Static Device Nodes in /dev.
[[0;32m  OK  [0m] Started udev Coldplug all Devices.
[[0;32m  OK  [0m] Started Flush Journal to Persistent Storage.
         Starting udev Kernel Device Manager...
[[0;32m  OK  [0m] Started udev Kernel Device Manager.
[[0;32m  OK  [0m] Reached target Local File Systems (Pre).
[[0;32m  OK  [0m] Reached target Local File Systems.
         Starting Set console font and keymap...
         Starting Initial cloud-init job (pre-networking)...
         Starting Create Volatile Files and Directories...
         Starting Commit a transient machine-id on disk...
         Starting LSB: AppArmor initialization...
         Starting Tell Plymouth To Write Out Runtime Data...
[[0;32m  OK  [0m] Started Dispatch Password Requests to Console Directory Watch.
[[0;32m  OK  [0m] Started Create Volatile Files and Directories.
[[0;32m  OK  [0m] Started Tell Plymouth To Write Out Runtime Data.
[[0;32m  OK  [0m] Started Commit a transient machine-id on disk.
         Starting Update UTMP about System Boot/Shutdown...
[[0;32m  OK  [0m] Started Update UTMP about System Boot/Shutdown.
[[0;32m  OK  [0m] Found device /dev/ttyS0.
[[0;32m  OK  [0m] Started Set console font and keymap.
[[0;32m  OK  [0m] Created slice system-getty.slice.
[[0;32m  OK  [0m] Listening on Load/Save RF Kill Switch Status /dev/rfkill Watch.
[   21.174920] [[0;32m  OK  [0m] Started LSB: AppArmor initialization.
cloud-init[475]: Cloud-init v. 18.2 running 'init-local' at Fri, 08 Jun 2018 07:01:37 +0000. Up 20.89 seconds.
[[0;32m  OK  [0m] Started Initial cloud-init job (pre-networking).
[[0;32m  OK  [0m] Reached target Network (Pre).
         Starting Raise network interfaces...
[[0;32m  OK  [0m] Started Raise network interfaces.
[[0;32m  OK  [0m] Reached target Network.
         Starting Initial cloud-init job (metadata service crawler)...
[   22.213524] cloud-init[933]: Cloud-init v. 18.2 running 'init' at Fri, 08 Jun 2018 07:01:38 +0000. Up 21.82 seconds.
[   22.215315] cloud-init[933]: ci-info: ++++++++++++++++++++++++++++++++++++++Net device info++++++++++++++++++++++++++++++++++++++
[   22.217137] cloud-init[933]: ci-info: +--------+-------+----------------------------+---------------+-------+-------------------+
[   22.218922] cloud-init[933]: ci-info: | Device |   Up  |          Address           |      Mask     | Scope |     Hw-Address    |
[   22.220747] cloud-init[933]: ci-info: +--------+-------+----------------------------+---------------+-------+-------------------+
[   22.222576] cloud-init[933]: ci-info: | enp0s3 |  True |         10.0.2.15          | 255.255.255.0 |   .   | 02:a3:be:24:b1:4f |
[   22.224660] cloud-init[933]: ci-info: | enp0s3 |  True | fe80::a3:beff:fe24:b14f/64 |       .       |  link | 02:a3:be:24:b1:4f |
[   22.226506] cloud-init[933]: ci-info: | enp0s8 | False |             .              |       .       |   .   | 08:00:27:ce:c8:21 |
[   22.229382] cloud-init[933]: ci-info: |   lo   |  True |         127.0.0.1          |   255.0.0.0   |   .   |         .         |
[   22.231005] cloud-init[933]: ci-info: |   lo   |  True |          ::1/128           |       .       |  host |         .         |
[   22.232568] cloud-init[933]: ci-info: +--------+-------+----------------------------+---------------+-------+-------------------+
[   22.234556] cloud-init[933]: ci-info: +++++++++++++++++++++++++++Route IPv4 info++++++++++++++++++++++++++++
[   22.236235] cloud-init[933]: ci-info: +-------+-------------+----------+---------------+-----------+-------+
[   22.237823] cloud-init[933]: ci-info: | Route | Destination | Gateway  |    Genmask    | Interface | Flags |
[   22.239407] cloud-init[933]: ci-info: +-------+-------------+----------+---------------+-----------+-------+
[   22.241066] cloud-init[933]: ci-info: |   0   |   0.0.0.0   | 10.0.2.2 |    0.0.0.0    |   enp0s3  |   UG  |
[   22.242702] cloud-init[933]: ci-info: |   1   |   10.0.2.0  | 0.0.0.0  | 255.255.255.0 |   enp0s3  |   U   |
[   22.244331] cloud-init[933]: ci-info: +-------+-------------+----------+---------------+-----------+-------+
[   22.245953] cloud-init[933]: Generating public/private rsa key pair.
[   22.247150] cloud-init[933]: Your identification has been saved in /etc/ssh/ssh_host_rsa_key.
[   22.248706] cloud-init[933]: Your public key has been saved in /etc/ssh/ssh_host_rsa_key.pub.
[   22.250179] cloud-init[933]: The key fingerprint is:
[   22.251217] cloud-init[933]: SHA256:5mVAoNtQ/8aXLtlGvgPLaCx53AcZmMX5l4WivnsHrqQ root@ubuntu-xenial
[   22.252767] cloud-init[933]: The key's randomart image is:
[   22.253856] cloud-init[933]: +---[RSA 2048]----+
[   22.254848] cloud-init[933]: |      o... .   . |
[   22.255774] cloud-init[933]: |     o o  + . . .|
[   22.256823] cloud-init[933]: |    o   o+ o . o |
[   22.257785] cloud-init[933]: |     +  o+o ..o  |
[   22.258831] cloud-init[933]: |    . . S.*o+.   |
[   22.259839] cloud-init[933]: |       o +=B.    |
[   22.260876] cloud-init[933]: |       +.++*=.   |
[   22.264409] cloud-init[933]: |      o *o=o=..  |
[   22.265824] cloud-init[933]: |       +E o=.o   |
[   22.267184] cloud-init[933]: +----[SHA256]-----+
[   22.268504] cloud-init[933]: Generating public/private dsa key pair.
[   22.270053] cloud-init[933]: Your identification has been saved in /etc/ssh/ssh_host_dsa_key.
[   22.271834] cloud-init[933]: Your public key has been saved in /etc/ssh/ssh_host_dsa_key.pub.
[   22.273647] cloud-init[933]: The key fingerprint is:
[   22.275175] cloud-init[[0;32m  OK  [0m] Started Initial cloud-init job (metadata service crawler).
[933]: [[0;32m  OK  [0m] Reached target Network is Online.
SHA256:AUFKp0rDNyKwXzATcWcHJp42pmU6V4Lnuu9uARMTEvU root@ubuntu-xenial
[   22.328973]          Starting iSCSI initiator daemon (iscsid)...
[[0;32m  OK  [0m] Reached target System Initialization.
cloud-init[933]: The key's randomart image is:
[   22.479468] [[0;32m  OK  [0m] Started ACPI Events Check.
[[0;32m  OK  [0m] Reached target Paths.
[[0;32m  OK  [0m] Listening on D-Bus System Message Bus Socket.
[[0;32m  OK  [0m] Listening on ACPID Listen Socket.
cloud-init[933]: +---[DSA 1024]----+
[   22.537634]          cloud-initStarting LXD - unix socket.[933]: 
|+oO++.Xo.        |
[   22.553331] [cloud-init[0;32m  OK  [0m[933]: ] |.+oX X o         |Started Daily apt download activities.

[   22.553877] [[0;32m  OK  [0m] Started Daily apt upgrade and clean activities.
cloud-init[933]: |o *oE . .        |
[   22.586752] [[0;32m  OK  [0m] Started Daily Cleanup of Temporary Directories.
[[0;32m  OK  [0m] Reached target Timers.
[[0;32m  OK  [0m] Listening on UUID daemon activation socket.
         Starting Socket activation for snappy daemon.
[[0;32m  OK  [0m] Reached target Cloud-config availability.
cloud-init[933]: | +o/ =   .       |
[   22.713068] [[0;32m  OK  [0m] Listening on LXD - unix socket.
[[0;32m  OK  [0m] Listening on Socket activation for snappy daemon.
[[0;32m  OK  [0m] Started iSCSI initiator daemon (iscsid).
cloud-init[933]: |  *oo   S        |
[   22.716540] cloud-init[933]: |   +.            |
[   22.717828] cloud-init[933]: |  .  .           |
[   22.719013] cloud-init[933]: |   ..            |
[   22.792513]          cloud-initStarting Login to default iSCSI targets...[933]: 
|  .=+            |
[   22.849690] cloud-init[933]: +----[SHA256]-----+
[[0;32m  OK  [0m] Reached target Sockets.
[[0;32m  OK  [0m] Reached target Basic System.
[   22.850184] cloud-init[933]: Generating public/private ecdsa key pair.
[   22.862097] cloud-init[933]: Your identification has been saved in /etc/ssh/ssh_host_ecdsa_key.
[   22.864077] cloud-init[933]: Your public key has been saved in /etc/ssh/ssh_host_ecdsa_key.pub.
[   22.901780] cloud-init[933]: The key fingerprint is:
         Starting Login Service...
[   22.912172] cloud-init[933]: SHA256:YthlazpKkBSClspk8VQC+KbLjuTPD54GdR3UoGsL3p8 root@ubuntu-xenial
[[0;32m  OK  [0m] Started Deferred execution scheduler.
[   22.981087] cloud-init[933]: The key's randomart image is:
[   23.004068] cloud-init[933]: +---[ECDSA 256]---+
[   23.006276] cloud-init[933]: |+o=o...oo        |
[   23.010906] cloud-init[933]: |o*o.. .. .       |
[   23.017158]          Starting Snappy daemon...
cloud-init[933]: |*... .. +        |
[   23.020689] cloud-init[933]: |.ooo +.+ .       |
         Starting Apply the settings specified in cloud-config...
[   23.038915] cloud-init[933]: | o+.oo+ S        |
[   23.062310] cloud-init[933]: |....+..+         |
         Starting System Logging Service...
[   23.087362] cloud-init[933]: |.o.o.oo          |
[[0;32m  OK  [0m[   23.090113] cloud-init[933]: |=.ooo....        |
[   23.091545] cloud-init[933]: |ooo=o. E         |
[   23.091599] cloud-init[933]: +----[SHA256]-----+
[   23.091628] cloud-init[933]: Generating public/private ed25519 key pair.
[   23.091655] cloud-init[933]: Your identification has been saved in /etc/ssh/ssh_host_ed25519_key.
[   23.091681] cloud-init[933]: Your public key has been saved in /etc/ssh/ssh_host_ed25519_key.pub.
] Started D-Bus System Message Bus.
[   23.091980] cloud-init[933]: The key fingerprint is:
         Starting /etc/rc.local Compatibility...
[   23.259160] cloud-init[933]: SHA256:cjDrn21siK1p1XTBRTZhxHZsaR0uRw52DXL3F2XTYz4 root@ubuntu-xenial
[[0;32m  OK  [0m[   23.360196] cloud-init[933]: The key's randomart image is:
[   23.361192] cloud-init[933]: +--[ED25519 256]--+
[   23.361586] cloud-init[933]: |           ..B@X@|
[   23.361620] cloud-init[933]: |            +=OO@|
[   23.362007] cloud-init[933]: |      o      ++*+|
[   23.362057] cloud-init[933]: |       +  . . oE.|
[   23.362091] cloud-init[933]: |      o So .    .|
[   23.362121] cloud-init[933]: |     . o. .      |
[   23.362151] cloud-init[933]: |      .+ o       |
[   23.362182] cloud-init[933]: |      oooo+      |
[   23.362552] cloud-init[933]: |     .o.oo.      |
[   23.362612] cloud-init[933]: +----[SHA256]-----+
] Started ACPI event daemon.
         Starting LSB: MD monitoring daemon...
         Starting LSB: Record successful boot for GRUB...
         Starting Virtualbox guest utils...
[[0;32m  OK  [0m] Started Regular background program processing daemon.
[[0;32m  OK  [0m] Started Unattended Upgrades Shutdown.
[   23.493923] cloud-init[1040]: Generating locales (this might take a while)...
         Starting Accounts Service...
         Starting Pollinate to seed the pseudo random number generator...
[[0;32m  OK  [0m] Started FUSE filesystem for LXC.
         Starting LXD - container startup/shutdown...
[[0;32m  OK  [0m] Started System Logging Service.
[[0;32m  OK  [0m] Started Snappy daemon.
[[0;32m  OK  [0m] Started /etc/rc.local Compatibility.
[[0;32m  OK  [0m] Started Login to default iSCSI targets.
[[0;32m  OK  [0m] Started LSB: Record successful boot for GRUB.
[[0;32m  OK  [0m] Started LSB: MD monitoring daemon.
[[0;32m  OK  [0m] Started Login Service.
         Starting Authenticate and Authorize Users to Run Privileged Tasks...
[[0;32m  OK  [0m] Reached target Remote File Systems (Pre).
[[0;32m  OK  [0m] Reached target Remote File Systems.
         Starting Permit User Sessions...
         Starting LSB: daemon to balance interrupts for SMP systems...
         Starting LSB: Set the CPU Frequency Scaling governor to "ondemand"...
         Starting LSB: automatic crash report generation...
[[0;32m  OK  [0m] Started LXD - container startup/shutdown.
[[0;32m  OK  [0m] Started Permit User Sessions.
[[0;32m  OK  [0m] Started Authenticate and Authorize Users to Run Privileged Tasks.
[[0;32m  OK  [0m] Started Accounts Service.
         Starting Hold until boot process finishes up...
         Starting Terminate Plymouth Boot Screen...
[[0;32m  OK  [0m] Started LSB: Set the CPU Frequency Scaling governor to "ondemand".
[[0;32m  OK  [0m] Started LSB: automatic crash report generation.
[[0;32m  OK  [0m] Started Virtualbox guest utils.
[[0;32m  OK  [0m] Started Hold until boot process finishes up.
[[0;32m  OK  [0m] Started Terminate Plymouth Boot Screen.
[[0;32m  OK  [0m] Started Getty on tty1.
         Starting Set console scheme...
[[0;32m  OK  [0m] Started Serial Getty on ttyS0.
[[0;32m  OK  [0m] Reached target Login Prompts.
[[0;32m  OK  [0m] Started LSB: daemon to balance interrupts for SMP systems.
[[0;32m  OK  [0m] Started Set console scheme.
[[0;32m  OK  [0m] Started Pollinate to seed the pseudo random number generator.
         Starting OpenBSD Secure Shell server...
[[0;32m  OK  [0m] Started OpenBSD Secure Shell server.
[[0;32m  OK  [0m] Reached target Multi-User System.
[[0;32m  OK  [0m] Reached target Graphical Interface.
         Starting Update UTMP about System Runlevel Changes...
[[0;32m  OK  [0m] Started Update UTMP about System Runlevel Changes.
[   24.562496] cloud-init[1040]:   en_US.UTF-8... done
[   24.578779] cloud-init[1040]: Generation complete.
[   24.846023] cloud-init[1040]: Cloud-init v. 18.2 running 'modules:config' at Fri, 08 Jun 2018 07:01:39 +0000. Up 23.32 seconds.
[[0;32m  OK  [0m] Started Apply the settings specified in cloud-config.
[[0;32m  OK  [0m] Created slice User Slice of vagrant.
         Starting Execute cloud user/final scripts...
[[0;32m  OK  [0m] Started Session 1 of user vagrant.
         Starting User Manager for UID 1000...
[[0;32m  OK  [0m] Started User Manager for UID 1000.
ci-info: no authorized ssh keys fingerprints found for user ubuntu.
<14>Jun  8 07:01:41 ec2: 
<14>Jun  8 07:01:41 ec2: #############################################################
<14>Jun  8 07:01:41 ec2: -----BEGIN SSH HOST KEY FINGERPRINTS-----
<14>Jun  8 07:01:41 ec2: 1024 SHA256:AUFKp0rDNyKwXzATcWcHJp42pmU6V4Lnuu9uARMTEvU root@ubuntu-xenial (DSA)
<14>Jun  8 07:01:41 ec2: 256 SHA256:YthlazpKkBSClspk8VQC+KbLjuTPD54GdR3UoGsL3p8 root@ubuntu-xenial (ECDSA)
<14>Jun  8 07:01:41 ec2: 256 SHA256:cjDrn21siK1p1XTBRTZhxHZsaR0uRw52DXL3F2XTYz4 root@ubuntu-xenial (ED25519)
<14>Jun  8 07:01:41 ec2: 2048 SHA256:5mVAoNtQ/8aXLtlGvgPLaCx53AcZmMX5l4WivnsHrqQ root@ubuntu-xenial (RSA)
<14>Jun  8 07:01:41 ec2: -----END SSH HOST KEY FINGERPRINTS-----
<14>Jun  8 07:01:41 ec2: #############################################################
-----BEGIN SSH HOST KEY KEYS-----
ecdsa-sha2-nistp256 AAAAE2VjZHNhLXNoYTItbmlzdHAyNTYAAAAIbmlzdHAyNTYAAABBBE6YDXGxp8SQGTKQWnaVtkfEfhTnTMwsDzQoJMe/yu6lG5jM4jaXamxZnylbIPySDOmz9+z80SbPUqXx9jAsDDA= root@ubuntu-xenial
ssh-ed25519 AAAAC3NzaC1lZDI1NTE5AAAAIMbXjwSWaB+EMKqfX1rVQaq0OhUwhpb1rl6ROzFUhbnb root@ubuntu-xenial
ssh-rsa AAAAB3NzaC1yc2EAAAADAQABAAABAQCTVqPwxu7V6erlDcGkfTX3ZtKprnyBzX/mV76hNgBoaFE2HT8Rvgx/Fn/46jT1aXZI3rpkOT1VEmTVcc+sWNEB5e63bv3qiHLWjY8oyK0rNqXySpTXlVZsHCF9GRsdQP1evBvLM1JgYSMkoB2y3g6+Gkr6Z/nhhvdfuxM02c2mmOHkSMtJTezs6AbM5XPFvBZ36lQhMJPwFjACVbYtLPCsbU21AnOISBhCMD5trS4gEQCu1jzXaKOfkPeQWSW/ix7D4S5zDp3c9VgsgttHO8WX4ir6CroWeqP79fKrIDZoWsTfgtDEbccmWh5MRI3TDCsdlsTeZh9DDIfpfS8nIplv root@ubuntu-xenial
-----END SSH HOST KEY KEYS-----
[   25.570676] cloud-init[1290]: Cloud-init v. 18.2 running 'modules:final' at Fri, 08 Jun 2018 07:01:41 +0000. Up 25.25 seconds.
[   25.579844] cloud-init[1290]: ci-info: no authorized ssh keys fingerprints found for user ubuntu.
[   25.582896] cloud-init[1290]: Cloud-init v. 18.2 finished at Fri, 08 Jun 2018 07:01:42 +0000. Datasource DataSourceNoCloud [seed=/dev/sdb][dsmode=net].  Up 25.56 seconds
[[0;32m  OK  [0m] Started Execute cloud user/final scripts.
[[0;32m  OK  [0m] Reached target Cloud-init target.

Ubuntu 16.04.4 LTS ubuntu-xenial ttyS0

ubuntu-xenial login: 